Using pre-set license
Built from '2020.3/staging' branch; Version is '2020.3.11f1 (99c7afb366b3) revision 10078127'; Using compiler version '192528614'; Build Type 'Release'
OS: 'Windows 10 Pro; OS build 19043.1110; Version 2009; 64bit' Language: 'ko' Physical Memory: 16301 MB
BatchMode: 1, IsHumanControllingUs: 0, StartBugReporterOnCrash: 0, Is64bit: 1, IsPro: 0

 COMMAND LINE ARGUMENTS:
C:\Program Files\Unity\Hub\Editor\2020.3.11f1\Editor\Unity.exe
-adb2
-batchMode
-noUpm
-name
AssetImportWorker0
-projectPath
C:/Users/DOO/OneDrive/문서/Game Development/Card Chess Game/Card Chess Game
-logFile
Logs/AssetImportWorker0.log
-srvPort
51233
Successfully changed project path to: C:/Users/DOO/OneDrive/문서/Game Development/Card Chess Game/Card Chess Game
C:/Users/DOO/OneDrive/문서/Game Development/Card Chess Game/Card Chess Game
Using Asset Import Pipeline V2.
Refreshing native plugins compatible for Editor in 48.15 ms, found 3 plugins.
Preloading 0 native plugins for Editor in 0.00 ms.
Initialize engine version: 2020.3.11f1 (99c7afb366b3)
[Subsystems] Discovering subsystems at path C:/Program Files/Unity/Hub/Editor/2020.3.11f1/Editor/Data/Resources/UnitySubsystems
[Subsystems] Discovering subsystems at path C:/Users/DOO/OneDrive/문서/Game Development/Card Chess Game/Card Chess Game/Assets
GfxDevice: creating device client; threaded=0
Direct3D:
    Version:  Direct3D 11.0 [level 11.1]
    Renderer: NVIDIA GeForce RTX 2060 (ID=0x1e89)
    Vendor:   
    VRAM:     5968 MB
    Driver:   30.0.14.7111
Initialize mono
Mono path[0] = 'C:/Program Files/Unity/Hub/Editor/2020.3.11f1/Editor/Data/Managed'
Mono path[1] = 'C:/Program Files/Unity/Hub/Editor/2020.3.11f1/Editor/Data/MonoBleedingEdge/lib/mono/unityjit'
Mono config path = 'C:/Program Files/Unity/Hub/Editor/2020.3.11f1/Editor/Data/MonoBleedingEdge/etc'
Using monoOptions --debugger-agent=transport=dt_socket,embedding=1,server=y,suspend=n,address=127.0.0.1:56800
Begin MonoManager ReloadAssembly
Registering precompiled unity dll's ...
Register platform support module: C:/Program Files/Unity/Hub/Editor/2020.3.11f1/Editor/Data/PlaybackEngines/WebGLSupport/UnityEditor.WebGL.Extensions.dll
Register platform support module: C:/Program Files/Unity/Hub/Editor/2020.3.11f1/Editor/Data/PlaybackEngines/WindowsStandaloneSupport/UnityEditor.WindowsStandalone.Extensions.dll
Registered in 0.001852 seconds.
Native extension for WindowsStandalone target not found
Native extension for WebGL target not found
Refreshing native plugins compatible for Editor in 46.41 ms, found 3 plugins.
Preloading 0 native plugins for Editor in 0.00 ms.
Mono: successfully reloaded assembly
- Completed reload, in  1.575 seconds
Platform modules already initialized, skipping
Registering precompiled user dll's ...
Registered in 0.003498 seconds.
Begin MonoManager ReloadAssembly
Native extension for WindowsStandalone target not found
Native extension for WebGL target not found
Refreshing native plugins compatible for Editor in 46.40 ms, found 3 plugins.
Preloading 0 native plugins for Editor in 0.00 ms.
Mono: successfully reloaded assembly
- Completed reload, in  0.993 seconds
Platform modules already initialized, skipping
========================================================================
Worker process is ready to serve import requests
Launched and connected shader compiler UnityShaderCompiler.exe after 0.03 seconds
Refreshing native plugins compatible for Editor in 0.55 ms, found 3 plugins.
Preloading 0 native plugins for Editor in 0.00 ms.
Unloading 2108 Unused Serialized files (Serialized files now loaded: 0)
System memory in use before: 108.4 MB.
System memory in use after: 108.3 MB.

Unloading 33 unused Assets to reduce memory usage. Loaded Objects now: 2559.
Total: 2.267800 ms (FindLiveObjects: 0.198700 ms CreateObjectMapping: 0.085700 ms MarkObjects: 1.858000 ms  DeleteObjects: 0.124400 ms)

========================================================================
Received Import Request.
  path: Assets/Image/chessboard2.png
  artifactKey: Guid(c2c0cc34e8e67f44f9e3f75c358d25f7) Importer(815301076,1909f56bfc062723c751e8b465ee728b)
Start importing Assets/Image/chessboard2.png using Guid(c2c0cc34e8e67f44f9e3f75c358d25f7) Importer(815301076,1909f56bfc062723c751e8b465ee728b)  -> (artifact id: '97fef9662cc5a5704210a7def91666f2') in 0.101454 seconds
  Import took 0.105999 seconds .

========================================================================
Received Import Request.
  Time since last request: 69.704396 seconds.
  path: Assets/Prefab/test piece.prefab
  artifactKey: Guid(0bf8594459defa847b3f1907ccad192f) Importer(815301076,1909f56bfc062723c751e8b465ee728b)
Start importing Assets/Prefab/test piece.prefab using Guid(0bf8594459defa847b3f1907ccad192f) Importer(815301076,1909f56bfc062723c751e8b465ee728b)  -> (artifact id: 'b0fa54083dfa20f32c4a64a1dcea7324') in 0.016190 seconds
  Import took 0.020565 seconds .

========================================================================
Received Import Request.
  Time since last request: 15.436415 seconds.
  path: Assets/Prefab/test piece.prefab
  artifactKey: Guid(0bf8594459defa847b3f1907ccad192f) Importer(815301076,1909f56bfc062723c751e8b465ee728b)
Start importing Assets/Prefab/test piece.prefab using Guid(0bf8594459defa847b3f1907ccad192f) Importer(815301076,1909f56bfc062723c751e8b465ee728b)  -> (artifact id: '137ecdb9a5ae3831b4e237fff25f0873') in 0.003203 seconds
  Import took 0.007085 seconds .

========================================================================
Received Import Request.
  Time since last request: 6.640857 seconds.
  path: Assets/Prefab/test piece.prefab
  artifactKey: Guid(0bf8594459defa847b3f1907ccad192f) Importer(815301076,1909f56bfc062723c751e8b465ee728b)
Start importing Assets/Prefab/test piece.prefab using Guid(0bf8594459defa847b3f1907ccad192f) Importer(815301076,1909f56bfc062723c751e8b465ee728b)  -> (artifact id: '3b4da45f350bffed4322a322dd6cae5a') in 0.003217 seconds
  Import took 0.006955 seconds .

========================================================================
Received Import Request.
  Time since last request: 4.246282 seconds.
  path: Assets/Prefab/test piece.prefab
  artifactKey: Guid(0bf8594459defa847b3f1907ccad192f) Importer(815301076,1909f56bfc062723c751e8b465ee728b)
Start importing Assets/Prefab/test piece.prefab using Guid(0bf8594459defa847b3f1907ccad192f) Importer(815301076,1909f56bfc062723c751e8b465ee728b)  -> (artifact id: '46e8dfab50b447c763e074ee171a81da') in 0.003202 seconds
  Import took 0.006808 seconds .

========================================================================
Received Import Request.
  Time since last request: 2.008796 seconds.
  path: Assets/Prefab/test piece.prefab
  artifactKey: Guid(0bf8594459defa847b3f1907ccad192f) Importer(815301076,1909f56bfc062723c751e8b465ee728b)
Start importing Assets/Prefab/test piece.prefab using Guid(0bf8594459defa847b3f1907ccad192f) Importer(815301076,1909f56bfc062723c751e8b465ee728b)  -> (artifact id: '5b942aed8880c87df73238ad07ec3f08') in 0.003260 seconds
  Import took 0.007385 seconds .

========================================================================
Received Import Request.
  Time since last request: 2.198607 seconds.
  path: Assets/Prefab/test piece.prefab
  artifactKey: Guid(0bf8594459defa847b3f1907ccad192f) Importer(815301076,1909f56bfc062723c751e8b465ee728b)
Start importing Assets/Prefab/test piece.prefab using Guid(0bf8594459defa847b3f1907ccad192f) Importer(815301076,1909f56bfc062723c751e8b465ee728b)  -> (artifact id: '5d8db164d1a1ea9d6af42884f723e703') in 0.003196 seconds
  Import took 0.007005 seconds .

========================================================================
Received Import Request.
  Time since last request: 3.221646 seconds.
  path: Assets/Prefab/test piece.prefab
  artifactKey: Guid(0bf8594459defa847b3f1907ccad192f) Importer(815301076,1909f56bfc062723c751e8b465ee728b)
Start importing Assets/Prefab/test piece.prefab using Guid(0bf8594459defa847b3f1907ccad192f) Importer(815301076,1909f56bfc062723c751e8b465ee728b)  -> (artifact id: 'ccab8457245bbde3462e404ae05cd242') in 0.003776 seconds
  Import took 0.008162 seconds .

========================================================================
Received Import Request.
  Time since last request: 5.859609 seconds.
  path: Assets/Prefab/test piece.prefab
  artifactKey: Guid(0bf8594459defa847b3f1907ccad192f) Importer(815301076,1909f56bfc062723c751e8b465ee728b)
Start importing Assets/Prefab/test piece.prefab using Guid(0bf8594459defa847b3f1907ccad192f) Importer(815301076,1909f56bfc062723c751e8b465ee728b)  -> (artifact id: '4beedc36d1e4382981ddbbfc539257f9') in 0.003294 seconds
  Import took 0.006931 seconds .

========================================================================
Received Import Request.
  Time since last request: 3.422918 seconds.
  path: Assets/Prefab/test piece.prefab
  artifactKey: Guid(0bf8594459defa847b3f1907ccad192f) Importer(815301076,1909f56bfc062723c751e8b465ee728b)
Start importing Assets/Prefab/test piece.prefab using Guid(0bf8594459defa847b3f1907ccad192f) Importer(815301076,1909f56bfc062723c751e8b465ee728b)  -> (artifact id: '84bd3da57fb6ea9710703a20ee0c275e') in 0.003403 seconds
  Import took 0.007205 seconds .

========================================================================
Received Import Request.
  Time since last request: 17.156291 seconds.
  path: Assets/Prefab/test piece.prefab
  artifactKey: Guid(0bf8594459defa847b3f1907ccad192f) Importer(815301076,1909f56bfc062723c751e8b465ee728b)
Start importing Assets/Prefab/test piece.prefab using Guid(0bf8594459defa847b3f1907ccad192f) Importer(815301076,1909f56bfc062723c751e8b465ee728b)  -> (artifact id: '777416d5c1f45f39795553cf3b4a22e8') in 0.003383 seconds
  Import took 0.007222 seconds .

========================================================================
Received Import Request.
  Time since last request: 10.278819 seconds.
  path: Assets/Prefab/test piece.prefab
  artifactKey: Guid(0bf8594459defa847b3f1907ccad192f) Importer(815301076,1909f56bfc062723c751e8b465ee728b)
Start importing Assets/Prefab/test piece.prefab using Guid(0bf8594459defa847b3f1907ccad192f) Importer(815301076,1909f56bfc062723c751e8b465ee728b)  -> (artifact id: '21d93d50975d433431b6c46dc71ee55e') in 0.003210 seconds
  Import took 0.006846 seconds .

========================================================================
Received Import Request.
  Time since last request: 1.392068 seconds.
  path: Assets/Prefab/test piece.prefab
  artifactKey: Guid(0bf8594459defa847b3f1907ccad192f) Importer(815301076,1909f56bfc062723c751e8b465ee728b)
Start importing Assets/Prefab/test piece.prefab using Guid(0bf8594459defa847b3f1907ccad192f) Importer(815301076,1909f56bfc062723c751e8b465ee728b)  -> (artifact id: '2fcf0d40e51cebaeaed650b8bcedcfcf') in 0.003401 seconds
  Import took 0.007666 seconds .

========================================================================
Received Import Request.
  Time since last request: 1.601664 seconds.
  path: Assets/Prefab/test piece.prefab
  artifactKey: Guid(0bf8594459defa847b3f1907ccad192f) Importer(815301076,1909f56bfc062723c751e8b465ee728b)
Start importing Assets/Prefab/test piece.prefab using Guid(0bf8594459defa847b3f1907ccad192f) Importer(815301076,1909f56bfc062723c751e8b465ee728b)  -> (artifact id: 'bc0a6e58e087ea7ac033ec939d165504') in 0.003420 seconds
  Import took 0.006981 seconds .

========================================================================
Received Import Request.
  Time since last request: 4.022913 seconds.
  path: Assets/Prefab/test piece.prefab
  artifactKey: Guid(0bf8594459defa847b3f1907ccad192f) Importer(815301076,1909f56bfc062723c751e8b465ee728b)
Start importing Assets/Prefab/test piece.prefab using Guid(0bf8594459defa847b3f1907ccad192f) Importer(815301076,1909f56bfc062723c751e8b465ee728b)  -> (artifact id: '9ada32d37796b197ee742581ea986b25') in 0.003141 seconds
  Import took 0.006726 seconds .

========================================================================
Received Import Request.
  Time since last request: 23.612140 seconds.
  path: Assets/Prefab/test piece.prefab
  artifactKey: Guid(0bf8594459defa847b3f1907ccad192f) Importer(815301076,1909f56bfc062723c751e8b465ee728b)
Start importing Assets/Prefab/test piece.prefab using Guid(0bf8594459defa847b3f1907ccad192f) Importer(815301076,1909f56bfc062723c751e8b465ee728b)  -> (artifact id: '1dd74ea69e174bd6467cce7f4a5757c3') in 0.003127 seconds
  Import took 0.006612 seconds .

========================================================================
Received Import Request.
  Time since last request: 13.100956 seconds.
  path: Assets/Prefab/test piece.prefab
  artifactKey: Guid(0bf8594459defa847b3f1907ccad192f) Importer(815301076,1909f56bfc062723c751e8b465ee728b)
Start importing Assets/Prefab/test piece.prefab using Guid(0bf8594459defa847b3f1907ccad192f) Importer(815301076,1909f56bfc062723c751e8b465ee728b)  -> (artifact id: 'd016f7fa7d094a46332595c210a15431') in 0.003441 seconds
  Import took 0.007001 seconds .

========================================================================
Received Import Request.
  Time since last request: 3.808419 seconds.
  path: Assets/Prefab/test piece.prefab
  artifactKey: Guid(0bf8594459defa847b3f1907ccad192f) Importer(815301076,1909f56bfc062723c751e8b465ee728b)
Start importing Assets/Prefab/test piece.prefab using Guid(0bf8594459defa847b3f1907ccad192f) Importer(815301076,1909f56bfc062723c751e8b465ee728b)  -> (artifact id: 'ce2b84325acc11f41245f58a2ad74cfa') in 0.003160 seconds
  Import took 0.006542 seconds .

========================================================================
Received Import Request.
  Time since last request: 4.851907 seconds.
  path: Assets/Prefab/test piece.prefab
  artifactKey: Guid(0bf8594459defa847b3f1907ccad192f) Importer(815301076,1909f56bfc062723c751e8b465ee728b)
Start importing Assets/Prefab/test piece.prefab using Guid(0bf8594459defa847b3f1907ccad192f) Importer(815301076,1909f56bfc062723c751e8b465ee728b)  -> (artifact id: 'aa2de8100cbef738dbd662bb8d42df4e') in 0.003533 seconds
  Import took 0.008039 seconds .

========================================================================
Received Import Request.
  Time since last request: 2.822309 seconds.
  path: Assets/Prefab/test piece.prefab
  artifactKey: Guid(0bf8594459defa847b3f1907ccad192f) Importer(815301076,1909f56bfc062723c751e8b465ee728b)
Start importing Assets/Prefab/test piece.prefab using Guid(0bf8594459defa847b3f1907ccad192f) Importer(815301076,1909f56bfc062723c751e8b465ee728b)  -> (artifact id: 'df1ebac40b74bc7770462a67bf063b89') in 0.003223 seconds
  Import took 0.006873 seconds .

========================================================================
Received Import Request.
  Time since last request: 3.005168 seconds.
  path: Assets/Prefab/test piece.prefab
  artifactKey: Guid(0bf8594459defa847b3f1907ccad192f) Importer(815301076,1909f56bfc062723c751e8b465ee728b)
Start importing Assets/Prefab/test piece.prefab using Guid(0bf8594459defa847b3f1907ccad192f) Importer(815301076,1909f56bfc062723c751e8b465ee728b)  -> (artifact id: '43fcb69114c6aa09f7598965b1db9cc2') in 0.003281 seconds
  Import took 0.007293 seconds .

========================================================================
Received Import Request.
  Time since last request: 5.246467 seconds.
  path: Assets/Prefab/test piece.prefab
  artifactKey: Guid(0bf8594459defa847b3f1907ccad192f) Importer(815301076,1909f56bfc062723c751e8b465ee728b)
Start importing Assets/Prefab/test piece.prefab using Guid(0bf8594459defa847b3f1907ccad192f) Importer(815301076,1909f56bfc062723c751e8b465ee728b)  -> (artifact id: 'be60e43261d9b7c1c60f1c82fdb0ddbc') in 0.003210 seconds
  Import took 0.006964 seconds .

========================================================================
Received Import Request.
  Time since last request: 45.128358 seconds.
  path: Assets/dragDrop.cs
  artifactKey: Guid(c60c3d6ea7df6fd4eaa1c511d244151c) Importer(815301076,1909f56bfc062723c751e8b465ee728b)
Start importing Assets/dragDrop.cs using Guid(c60c3d6ea7df6fd4eaa1c511d244151c) Importer(815301076,1909f56bfc062723c751e8b465ee728b)  -> (artifact id: '292352e54d3b05421b2c7563a037ceba') in 0.026828 seconds
  Import took 0.030649 seconds .

========================================================================
Received Prepare
Registering precompiled user dll's ...
Registered in 0.003269 seconds.
Begin MonoManager ReloadAssembly
Native extension for WindowsStandalone target not found
Native extension for WebGL target not found
Refreshing native plugins compatible for Editor in 0.52 ms, found 3 plugins.
Preloading 0 native plugins for Editor in 0.00 ms.
Mono: successfully reloaded assembly
- Completed reload, in  0.886 seconds
Platform modules already initialized, skipping
Switching build target platform(19) subTarget(0) extendedPlatform(0) -> platform(13) subTarget(537395200) extendedPlatform(0)
Refreshing native plugins compatible for Editor in 0.53 ms, found 3 plugins.
Preloading 0 native plugins for Editor in 0.00 ms.
Unloading 2093 Unused Serialized files (Serialized files now loaded: 0)
System memory in use before: 109.8 MB.
System memory in use after: 109.8 MB.

Unloading 21 unused Assets to reduce memory usage. Loaded Objects now: 2569.
Total: 1.930100 ms (FindLiveObjects: 0.168600 ms CreateObjectMapping: 0.071200 ms MarkObjects: 1.601000 ms  DeleteObjects: 0.088600 ms)

AssetImportParameters requested are different than current active one (requested -> active):
  custom:graphics/normal-map-encoding: 01000000000000000000000000000000 -> 02000000000000000000000000000000
========================================================================
Received Prepare
Registering precompiled user dll's ...
Registered in 0.003257 seconds.
Begin MonoManager ReloadAssembly
Native extension for WindowsStandalone target not found
Native extension for WebGL target not found
Refreshing native plugins compatible for Editor in 0.52 ms, found 3 plugins.
Preloading 0 native plugins for Editor in 0.00 ms.
Mono: successfully reloaded assembly
- Completed reload, in  0.914 seconds
Platform modules already initialized, skipping
Switching build target platform(19) subTarget(0) extendedPlatform(0) -> platform(13) subTarget(537395200) extendedPlatform(0)
Refreshing native plugins compatible for Editor in 0.52 ms, found 3 plugins.
Preloading 0 native plugins for Editor in 0.00 ms.
Unloading 2093 Unused Serialized files (Serialized files now loaded: 0)
System memory in use before: 109.9 MB.
System memory in use after: 109.9 MB.

Unloading 21 unused Assets to reduce memory usage. Loaded Objects now: 2573.
Total: 2.356900 ms (FindLiveObjects: 0.268100 ms CreateObjectMapping: 0.108500 ms MarkObjects: 1.881200 ms  DeleteObjects: 0.098300 ms)

AssetImportParameters requested are different than current active one (requested -> active):
  custom:graphics/normal-map-encoding: 01000000000000000000000000000000 -> 02000000000000000000000000000000
========================================================================
Received Prepare
Registering precompiled user dll's ...
Registered in 0.003888 seconds.
Begin MonoManager ReloadAssembly
Native extension for WindowsStandalone target not found
Native extension for WebGL target not found
Refreshing native plugins compatible for Editor in 0.81 ms, found 3 plugins.
Preloading 0 native plugins for Editor in 0.00 ms.
Mono: successfully reloaded assembly
- Completed reload, in  0.902 seconds
Platform modules already initialized, skipping
Switching build target platform(19) subTarget(0) extendedPlatform(0) -> platform(13) subTarget(537395200) extendedPlatform(0)
Refreshing native plugins compatible for Editor in 0.53 ms, found 3 plugins.
Preloading 0 native plugins for Editor in 0.00 ms.
Unloading 2093 Unused Serialized files (Serialized files now loaded: 0)
System memory in use before: 109.9 MB.
System memory in use after: 109.9 MB.

Unloading 21 unused Assets to reduce memory usage. Loaded Objects now: 2577.
Total: 2.141000 ms (FindLiveObjects: 0.188600 ms CreateObjectMapping: 0.071300 ms MarkObjects: 1.789800 ms  DeleteObjects: 0.090500 ms)

AssetImportParameters requested are different than current active one (requested -> active):
  custom:graphics/normal-map-encoding: 01000000000000000000000000000000 -> 02000000000000000000000000000000
========================================================================
Received Prepare
Registering precompiled user dll's ...
Registered in 0.004844 seconds.
Begin MonoManager ReloadAssembly
Native extension for WindowsStandalone target not found
Native extension for WebGL target not found
Refreshing native plugins compatible for Editor in 0.52 ms, found 3 plugins.
Preloading 0 native plugins for Editor in 0.00 ms.
Mono: successfully reloaded assembly
- Completed reload, in  0.929 seconds
Platform modules already initialized, skipping
Switching build target platform(19) subTarget(0) extendedPlatform(0) -> platform(13) subTarget(537395200) extendedPlatform(0)
Refreshing native plugins compatible for Editor in 0.54 ms, found 3 plugins.
Preloading 0 native plugins for Editor in 0.00 ms.
Unloading 2093 Unused Serialized files (Serialized files now loaded: 0)
System memory in use before: 109.9 MB.
System memory in use after: 109.9 MB.

Unloading 21 unused Assets to reduce memory usage. Loaded Objects now: 2581.
Total: 1.993600 ms (FindLiveObjects: 0.175100 ms CreateObjectMapping: 0.069700 ms MarkObjects: 1.652000 ms  DeleteObjects: 0.096100 ms)

AssetImportParameters requested are different than current active one (requested -> active):
  custom:graphics/normal-map-encoding: 01000000000000000000000000000000 -> 02000000000000000000000000000000
========================================================================
Received Prepare
Registering precompiled user dll's ...
Registered in 0.003633 seconds.
Begin MonoManager ReloadAssembly
Native extension for WindowsStandalone target not found
Native extension for WebGL target not found
Refreshing native plugins compatible for Editor in 0.53 ms, found 3 plugins.
Preloading 0 native plugins for Editor in 0.00 ms.
Mono: successfully reloaded assembly
- Completed reload, in  0.899 seconds
Platform modules already initialized, skipping
Switching build target platform(19) subTarget(0) extendedPlatform(0) -> platform(13) subTarget(537395200) extendedPlatform(0)
Refreshing native plugins compatible for Editor in 0.52 ms, found 3 plugins.
Preloading 0 native plugins for Editor in 0.00 ms.
Unloading 2093 Unused Serialized files (Serialized files now loaded: 0)
System memory in use before: 109.9 MB.
System memory in use after: 109.9 MB.

Unloading 21 unused Assets to reduce memory usage. Loaded Objects now: 2585.
Total: 1.965900 ms (FindLiveObjects: 0.189700 ms CreateObjectMapping: 0.076200 ms MarkObjects: 1.599800 ms  DeleteObjects: 0.099100 ms)

AssetImportParameters requested are different than current active one (requested -> active):
  custom:graphics/normal-map-encoding: 01000000000000000000000000000000 -> 02000000000000000000000000000000
========================================================================
Received Import Request.
  Time since last request: 393.786520 seconds.
  path: Assets/Prefab/test piece.prefab
  artifactKey: Guid(0bf8594459defa847b3f1907ccad192f) Importer(815301076,1909f56bfc062723c751e8b465ee728b)
Start importing Assets/Prefab/test piece.prefab using Guid(0bf8594459defa847b3f1907ccad192f) Importer(815301076,1909f56bfc062723c751e8b465ee728b)  -> (artifact id: '3680765fb82dcc991f58cae68cdb6a79') in 0.032059 seconds
  Import took 0.035976 seconds .

========================================================================
Received Prepare
Registering precompiled user dll's ...
Registered in 0.003262 seconds.
Begin MonoManager ReloadAssembly
Native extension for WindowsStandalone target not found
Native extension for WebGL target not found
Refreshing native plugins compatible for Editor in 0.52 ms, found 3 plugins.
Preloading 0 native plugins for Editor in 0.00 ms.
Mono: successfully reloaded assembly
- Completed reload, in  0.900 seconds
Platform modules already initialized, skipping
Switching build target platform(19) subTarget(0) extendedPlatform(0) -> platform(13) subTarget(537395200) extendedPlatform(0)
Refreshing native plugins compatible for Editor in 0.61 ms, found 3 plugins.
Preloading 0 native plugins for Editor in 0.00 ms.
Unloading 2093 Unused Serialized files (Serialized files now loaded: 0)
System memory in use before: 109.9 MB.
System memory in use after: 109.9 MB.

Unloading 21 unused Assets to reduce memory usage. Loaded Objects now: 2589.
Total: 2.049600 ms (FindLiveObjects: 0.187100 ms CreateObjectMapping: 0.080800 ms MarkObjects: 1.680600 ms  DeleteObjects: 0.100300 ms)

AssetImportParameters requested are different than current active one (requested -> active):
  custom:graphics/normal-map-encoding: 01000000000000000000000000000000 -> 02000000000000000000000000000000
========================================================================
Received Import Request.
  Time since last request: 26.798086 seconds.
  path: Assets/Prefab/test piece.prefab
  artifactKey: Guid(0bf8594459defa847b3f1907ccad192f) Importer(815301076,1909f56bfc062723c751e8b465ee728b)
Start importing Assets/Prefab/test piece.prefab using Guid(0bf8594459defa847b3f1907ccad192f) Importer(815301076,1909f56bfc062723c751e8b465ee728b)  -> (artifact id: '9ccf3bc9b7226a838d40559f1e3e2f2d') in 0.027293 seconds
  Import took 0.032443 seconds .

========================================================================
Received Import Request.
  Time since last request: 502.757929 seconds.
  path: Assets/Tiny Chess
  artifactKey: Guid(616702f002abcd1438bb96a8dcbfecdd) Importer(815301076,1909f56bfc062723c751e8b465ee728b)
Start importing Assets/Tiny Chess using Guid(616702f002abcd1438bb96a8dcbfecdd) Importer(815301076,1909f56bfc062723c751e8b465ee728b)  -> (artifact id: '254f5cb2c503073c81e1a7fa3a722ca2') in 0.007327 seconds
  Import took 0.011220 seconds .

========================================================================
Received Import Request.
  Time since last request: 37.540304 seconds.
  path: Assets/Prefab/chess_piece/Archer.prefab
  artifactKey: Guid(7df80f8228113634e9bba64cea74f061) Importer(815301076,1909f56bfc062723c751e8b465ee728b)
Start importing Assets/Prefab/chess_piece/Archer.prefab using Guid(7df80f8228113634e9bba64cea74f061) Importer(815301076,1909f56bfc062723c751e8b465ee728b)  -> (artifact id: '89255bd8472ef277a18121397fde52f0') in 0.042442 seconds
  Import took 0.046165 seconds .

========================================================================
Received Import Request.
  Time since last request: 32.936159 seconds.
  path: Assets/dragDrop.cs
  artifactKey: Guid(c60c3d6ea7df6fd4eaa1c511d244151c) Importer(815301076,1909f56bfc062723c751e8b465ee728b)
Start importing Assets/dragDrop.cs using Guid(c60c3d6ea7df6fd4eaa1c511d244151c) Importer(815301076,1909f56bfc062723c751e8b465ee728b)  -> (artifact id: 'a45101c4b79fd8eabc0d69867ddcb64e') in 0.005276 seconds
  Import took 0.009070 seconds .

========================================================================
Received Import Request.
  Time since last request: 576.637537 seconds.
  path: Assets/cardGenerator_InGame.cs
  artifactKey: Guid(d63b1bda4c77fed45b7c4493826845d4) Importer(815301076,1909f56bfc062723c751e8b465ee728b)
Start importing Assets/cardGenerator_InGame.cs using Guid(d63b1bda4c77fed45b7c4493826845d4) Importer(815301076,1909f56bfc062723c751e8b465ee728b)  -> (artifact id: 'e4e44037f8a833acc298176d265e79fe') in 0.006254 seconds
  Import took 0.010442 seconds .

========================================================================
Received Import Request.
  Time since last request: 0.000424 seconds.
  path: Assets/cardGenerator_InGame.cs
  artifactKey: Guid(d63b1bda4c77fed45b7c4493826845d4) Importer(815301076,1909f56bfc062723c751e8b465ee728b)
Start importing Assets/cardGenerator_InGame.cs using Guid(d63b1bda4c77fed45b7c4493826845d4) Importer(815301076,1909f56bfc062723c751e8b465ee728b)  -> (artifact id: 'e4e44037f8a833acc298176d265e79fe') in 0.001915 seconds
  Import took 0.005366 seconds .

========================================================================
Received Import Request.
  Time since last request: 4.316642 seconds.
  path: Assets/cardGenerator.cs
  artifactKey: Guid(3f1e035aadfad5942962e57ea91dd687) Importer(815301076,1909f56bfc062723c751e8b465ee728b)
Start importing Assets/cardGenerator.cs using Guid(3f1e035aadfad5942962e57ea91dd687) Importer(815301076,1909f56bfc062723c751e8b465ee728b)  -> (artifact id: '39f208c3cb8ef29c674b17bdae605c53') in 0.005519 seconds
  Import took 0.009539 seconds .

========================================================================
Received Import Request.
  Time since last request: 5.233000 seconds.
  path: Assets/Image/chessboard2.png
  artifactKey: Guid(c2c0cc34e8e67f44f9e3f75c358d25f7) Importer(815301076,1909f56bfc062723c751e8b465ee728b)
Start importing Assets/Image/chessboard2.png using Guid(c2c0cc34e8e67f44f9e3f75c358d25f7) Importer(815301076,1909f56bfc062723c751e8b465ee728b)  -> (artifact id: '13db8b3abbce5963ee78641534bcde51') in 0.061234 seconds
  Import took 0.065597 seconds .

========================================================================
Received Import Request.
  Time since last request: 0.000504 seconds.
  path: Assets/Image/chessboard2.png
  artifactKey: Guid(c2c0cc34e8e67f44f9e3f75c358d25f7) Importer(815301076,1909f56bfc062723c751e8b465ee728b)
Start importing Assets/Image/chessboard2.png using Guid(c2c0cc34e8e67f44f9e3f75c358d25f7) Importer(815301076,1909f56bfc062723c751e8b465ee728b)  -> (artifact id: '13db8b3abbce5963ee78641534bcde51') in 0.030896 seconds
  Import took 0.034224 seconds .

========================================================================
Received Prepare
Registering precompiled user dll's ...
Registered in 0.003312 seconds.
Begin MonoManager ReloadAssembly
Native extension for WindowsStandalone target not found
Native extension for WebGL target not found
Refreshing native plugins compatible for Editor in 0.51 ms, found 3 plugins.
Preloading 0 native plugins for Editor in 0.00 ms.
Mono: successfully reloaded assembly
- Completed reload, in  0.895 seconds
Platform modules already initialized, skipping
Switching build target platform(19) subTarget(0) extendedPlatform(0) -> platform(13) subTarget(537395200) extendedPlatform(0)
Refreshing native plugins compatible for Editor in 0.51 ms, found 3 plugins.
Preloading 0 native plugins for Editor in 0.00 ms.
Unloading 2093 Unused Serialized files (Serialized files now loaded: 0)
System memory in use before: 110.0 MB.
System memory in use after: 110.0 MB.

Unloading 21 unused Assets to reduce memory usage. Loaded Objects now: 2598.
Total: 2.208300 ms (FindLiveObjects: 0.227000 ms CreateObjectMapping: 0.090200 ms MarkObjects: 1.797600 ms  DeleteObjects: 0.092600 ms)

AssetImportParameters requested are different than current active one (requested -> active):
  custom:graphics/normal-map-encoding: 01000000000000000000000000000000 -> 02000000000000000000000000000000
========================================================================
Received Prepare
Registering precompiled user dll's ...
Registered in 0.003285 seconds.
Begin MonoManager ReloadAssembly
Native extension for WindowsStandalone target not found
Native extension for WebGL target not found
Refreshing native plugins compatible for Editor in 0.52 ms, found 3 plugins.
Preloading 0 native plugins for Editor in 0.00 ms.
Mono: successfully reloaded assembly
- Completed reload, in  0.905 seconds
Platform modules already initialized, skipping
Switching build target platform(19) subTarget(0) extendedPlatform(0) -> platform(13) subTarget(537395200) extendedPlatform(0)
Refreshing native plugins compatible for Editor in 0.56 ms, found 3 plugins.
Preloading 0 native plugins for Editor in 0.00 ms.
Unloading 2093 Unused Serialized files (Serialized files now loaded: 0)
System memory in use before: 110.0 MB.
System memory in use after: 110.0 MB.

Unloading 21 unused Assets to reduce memory usage. Loaded Objects now: 2602.
Total: 2.162000 ms (FindLiveObjects: 0.189000 ms CreateObjectMapping: 0.071200 ms MarkObjects: 1.801600 ms  DeleteObjects: 0.099500 ms)

AssetImportParameters requested are different than current active one (requested -> active):
  custom:graphics/normal-map-encoding: 01000000000000000000000000000000 -> 02000000000000000000000000000000
========================================================================
Received Prepare
Registering precompiled user dll's ...
Registered in 0.003242 seconds.
Begin MonoManager ReloadAssembly
Native extension for WindowsStandalone target not found
Native extension for WebGL target not found
Refreshing native plugins compatible for Editor in 0.53 ms, found 3 plugins.
Preloading 0 native plugins for Editor in 0.00 ms.
Mono: successfully reloaded assembly
- Completed reload, in  0.904 seconds
Platform modules already initialized, skipping
Switching build target platform(19) subTarget(0) extendedPlatform(0) -> platform(13) subTarget(537395200) extendedPlatform(0)
Refreshing native plugins compatible for Editor in 0.52 ms, found 3 plugins.
Preloading 0 native plugins for Editor in 0.00 ms.
Unloading 2093 Unused Serialized files (Serialized files now loaded: 0)
System memory in use before: 110.0 MB.
System memory in use after: 110.0 MB.

Unloading 21 unused Assets to reduce memory usage. Loaded Objects now: 2606.
Total: 2.109600 ms (FindLiveObjects: 0.172500 ms CreateObjectMapping: 0.069900 ms MarkObjects: 1.728800 ms  DeleteObjects: 0.137600 ms)

AssetImportParameters requested are different than current active one (requested -> active):
  custom:graphics/normal-map-encoding: 01000000000000000000000000000000 -> 02000000000000000000000000000000
========================================================================
Received Prepare
Registering precompiled user dll's ...
Registered in 0.003552 seconds.
Begin MonoManager ReloadAssembly
Native extension for WindowsStandalone target not found
Native extension for WebGL target not found
Refreshing native plugins compatible for Editor in 0.51 ms, found 3 plugins.
Preloading 0 native plugins for Editor in 0.00 ms.
Mono: successfully reloaded assembly
- Completed reload, in  0.920 seconds
Platform modules already initialized, skipping
Switching build target platform(19) subTarget(0) extendedPlatform(0) -> platform(13) subTarget(537395200) extendedPlatform(0)
Refreshing native plugins compatible for Editor in 0.53 ms, found 3 plugins.
Preloading 0 native plugins for Editor in 0.00 ms.
Unloading 2093 Unused Serialized files (Serialized files now loaded: 0)
System memory in use before: 110.0 MB.
System memory in use after: 110.0 MB.

Unloading 21 unused Assets to reduce memory usage. Loaded Objects now: 2610.
Total: 2.055900 ms (FindLiveObjects: 0.236800 ms CreateObjectMapping: 0.106900 ms MarkObjects: 1.610700 ms  DeleteObjects: 0.100400 ms)

AssetImportParameters requested are different than current active one (requested -> active):
  custom:graphics/normal-map-encoding: 01000000000000000000000000000000 -> 02000000000000000000000000000000
========================================================================
Received Prepare
Registering precompiled user dll's ...
Registered in 0.003319 seconds.
Begin MonoManager ReloadAssembly
Native extension for WindowsStandalone target not found
Native extension for WebGL target not found
Refreshing native plugins compatible for Editor in 0.55 ms, found 3 plugins.
Preloading 0 native plugins for Editor in 0.00 ms.
Mono: successfully reloaded assembly
- Completed reload, in  1.001 seconds
Platform modules already initialized, skipping
Switching build target platform(19) subTarget(0) extendedPlatform(0) -> platform(13) subTarget(537395200) extendedPlatform(0)
Refreshing native plugins compatible for Editor in 0.54 ms, found 3 plugins.
Preloading 0 native plugins for Editor in 0.00 ms.
Unloading 2093 Unused Serialized files (Serialized files now loaded: 0)
System memory in use before: 110.1 MB.
System memory in use after: 110.0 MB.

Unloading 21 unused Assets to reduce memory usage. Loaded Objects now: 2614.
Total: 2.660200 ms (FindLiveObjects: 0.204400 ms CreateObjectMapping: 0.080900 ms MarkObjects: 2.261500 ms  DeleteObjects: 0.111800 ms)

AssetImportParameters requested are different than current active one (requested -> active):
  custom:graphics/normal-map-encoding: 01000000000000000000000000000000 -> 02000000000000000000000000000000
========================================================================
Received Prepare
Registering precompiled user dll's ...
Registered in 0.003313 seconds.
Begin MonoManager ReloadAssembly
Native extension for WindowsStandalone target not found
Native extension for WebGL target not found
Refreshing native plugins compatible for Editor in 0.51 ms, found 3 plugins.
Preloading 0 native plugins for Editor in 0.00 ms.
Mono: successfully reloaded assembly
- Completed reload, in  0.917 seconds
Platform modules already initialized, skipping
Switching build target platform(19) subTarget(0) extendedPlatform(0) -> platform(13) subTarget(537395200) extendedPlatform(0)
Refreshing native plugins compatible for Editor in 0.51 ms, found 3 plugins.
Preloading 0 native plugins for Editor in 0.00 ms.
Unloading 2093 Unused Serialized files (Serialized files now loaded: 0)
System memory in use before: 110.1 MB.
System memory in use after: 110.0 MB.

Unloading 21 unused Assets to reduce memory usage. Loaded Objects now: 2618.
Total: 2.130700 ms (FindLiveObjects: 0.187000 ms CreateObjectMapping: 0.065700 ms MarkObjects: 1.783900 ms  DeleteObjects: 0.093000 ms)

AssetImportParameters requested are different than current active one (requested -> active):
  custom:graphics/normal-map-encoding: 01000000000000000000000000000000 -> 02000000000000000000000000000000
========================================================================
Received Prepare
Registering precompiled user dll's ...
Registered in 0.003270 seconds.
Begin MonoManager ReloadAssembly
Native extension for WindowsStandalone target not found
Native extension for WebGL target not found
Refreshing native plugins compatible for Editor in 0.51 ms, found 3 plugins.
Preloading 0 native plugins for Editor in 0.00 ms.
Mono: successfully reloaded assembly
- Completed reload, in  0.936 seconds
Platform modules already initialized, skipping
Switching build target platform(19) subTarget(0) extendedPlatform(0) -> platform(13) subTarget(537395200) extendedPlatform(0)
Refreshing native plugins compatible for Editor in 0.59 ms, found 3 plugins.
Preloading 0 native plugins for Editor in 0.00 ms.
Unloading 2093 Unused Serialized files (Serialized files now loaded: 0)
System memory in use before: 110.1 MB.
System memory in use after: 110.1 MB.

Unloading 21 unused Assets to reduce memory usage. Loaded Objects now: 2622.
Total: 1.963300 ms (FindLiveObjects: 0.181500 ms CreateObjectMapping: 0.074100 ms MarkObjects: 1.592700 ms  DeleteObjects: 0.114200 ms)

AssetImportParameters requested are different than current active one (requested -> active):
  custom:graphics/normal-map-encoding: 01000000000000000000000000000000 -> 02000000000000000000000000000000
========================================================================
Received Prepare
Registering precompiled user dll's ...
Registered in 0.003336 seconds.
Begin MonoManager ReloadAssembly
Native extension for WindowsStandalone target not found
Native extension for WebGL target not found
Refreshing native plugins compatible for Editor in 0.51 ms, found 3 plugins.
Preloading 0 native plugins for Editor in 0.00 ms.
Mono: successfully reloaded assembly
- Completed reload, in  0.917 seconds
Platform modules already initialized, skipping
Switching build target platform(19) subTarget(0) extendedPlatform(0) -> platform(13) subTarget(537395200) extendedPlatform(0)
Refreshing native plugins compatible for Editor in 0.51 ms, found 3 plugins.
Preloading 0 native plugins for Editor in 0.00 ms.
Unloading 2093 Unused Serialized files (Serialized files now loaded: 0)
System memory in use before: 110.1 MB.
System memory in use after: 110.1 MB.

Unloading 21 unused Assets to reduce memory usage. Loaded Objects now: 2626.
Total: 1.945800 ms (FindLiveObjects: 0.185000 ms CreateObjectMapping: 0.077000 ms MarkObjects: 1.586800 ms  DeleteObjects: 0.096200 ms)

AssetImportParameters requested are different than current active one (requested -> active):
  custom:graphics/normal-map-encoding: 01000000000000000000000000000000 -> 02000000000000000000000000000000
========================================================================
Received Import Request.
  Time since last request: 908.071235 seconds.
  path: Assets/Prefab/test piece.prefab
  artifactKey: Guid(0bf8594459defa847b3f1907ccad192f) Importer(815301076,1909f56bfc062723c751e8b465ee728b)
Start importing Assets/Prefab/test piece.prefab using Guid(0bf8594459defa847b3f1907ccad192f) Importer(815301076,1909f56bfc062723c751e8b465ee728b)  -> (artifact id: '88432e276f7c12da8866666730d8f8e5') in 0.032074 seconds
  Import took 0.035838 seconds .

========================================================================
Received Import Request.
  Time since last request: 1.925990 seconds.
  path: Assets/Prefab/test piece.prefab
  artifactKey: Guid(0bf8594459defa847b3f1907ccad192f) Importer(815301076,1909f56bfc062723c751e8b465ee728b)
Start importing Assets/Prefab/test piece.prefab using Guid(0bf8594459defa847b3f1907ccad192f) Importer(815301076,1909f56bfc062723c751e8b465ee728b)  -> (artifact id: '3849ad453435745ef7dee9227da0acc7') in 0.003404 seconds
  Import took 0.007522 seconds .

========================================================================
Received Import Request.
  Time since last request: 0.208899 seconds.
  path: Assets/Prefab/test piece.prefab
  artifactKey: Guid(0bf8594459defa847b3f1907ccad192f) Importer(815301076,1909f56bfc062723c751e8b465ee728b)
Start importing Assets/Prefab/test piece.prefab using Guid(0bf8594459defa847b3f1907ccad192f) Importer(815301076,1909f56bfc062723c751e8b465ee728b)  -> (artifact id: '1c6ef5973d9e5480038ea531ac41efe4') in 0.003270 seconds
  Import took 0.007561 seconds .

========================================================================
Received Import Request.
  Time since last request: 0.390583 seconds.
  path: Assets/Prefab/test piece.prefab
  artifactKey: Guid(0bf8594459defa847b3f1907ccad192f) Importer(815301076,1909f56bfc062723c751e8b465ee728b)
Start importing Assets/Prefab/test piece.prefab using Guid(0bf8594459defa847b3f1907ccad192f) Importer(815301076,1909f56bfc062723c751e8b465ee728b)  -> (artifact id: '1bace96e4142b4f4e7b5b9830acbd304') in 0.003222 seconds
  Import took 0.006671 seconds .

========================================================================
Received Import Request.
  Time since last request: 19.623644 seconds.
  path: Assets/Prefab/test piece.prefab
  artifactKey: Guid(0bf8594459defa847b3f1907ccad192f) Importer(815301076,1909f56bfc062723c751e8b465ee728b)
Start importing Assets/Prefab/test piece.prefab using Guid(0bf8594459defa847b3f1907ccad192f) Importer(815301076,1909f56bfc062723c751e8b465ee728b)  -> (artifact id: '45ab1f1bc52ff329dda3513eba20583c') in 0.003311 seconds
  Import took 0.007227 seconds .

========================================================================
Received Import Request.
  Time since last request: 1.404836 seconds.
  path: Assets/Prefab/test piece.prefab
  artifactKey: Guid(0bf8594459defa847b3f1907ccad192f) Importer(815301076,1909f56bfc062723c751e8b465ee728b)
Start importing Assets/Prefab/test piece.prefab using Guid(0bf8594459defa847b3f1907ccad192f) Importer(815301076,1909f56bfc062723c751e8b465ee728b)  -> (artifact id: '93703b1cdb4861069b2c5f39a6fa2719') in 0.003832 seconds
  Import took 0.007430 seconds .

========================================================================
Received Import Request.
  Time since last request: 0.196148 seconds.
  path: Assets/Prefab/test piece.prefab
  artifactKey: Guid(0bf8594459defa847b3f1907ccad192f) Importer(815301076,1909f56bfc062723c751e8b465ee728b)
Start importing Assets/Prefab/test piece.prefab using Guid(0bf8594459defa847b3f1907ccad192f) Importer(815301076,1909f56bfc062723c751e8b465ee728b)  -> (artifact id: '8c9a8d1d375b304d531a8d559b78ec7b') in 0.003859 seconds
  Import took 0.008123 seconds .

========================================================================
Received Import Request.
  Time since last request: 0.391905 seconds.
  path: Assets/Prefab/test piece.prefab
  artifactKey: Guid(0bf8594459defa847b3f1907ccad192f) Importer(815301076,1909f56bfc062723c751e8b465ee728b)
Start importing Assets/Prefab/test piece.prefab using Guid(0bf8594459defa847b3f1907ccad192f) Importer(815301076,1909f56bfc062723c751e8b465ee728b)  -> (artifact id: '0dc526cbb0ebc0c05569cc2b568c61ea') in 0.003227 seconds
  Import took 0.006731 seconds .

========================================================================
Received Import Request.
  Time since last request: 6.342065 seconds.
  path: Assets/Scenes/InGame Scene.unity
  artifactKey: Guid(163e77232c40b1d4fa4269e78ae6522c) Importer(815301076,1909f56bfc062723c751e8b465ee728b)
Start importing Assets/Scenes/InGame Scene.unity using Guid(163e77232c40b1d4fa4269e78ae6522c) Importer(815301076,1909f56bfc062723c751e8b465ee728b)  -> (artifact id: 'b154b1f91b2f2c7a551a015a6bdb4623') in 0.006842 seconds
  Import took 0.010476 seconds .

========================================================================
Received Prepare
Registering precompiled user dll's ...
Registered in 0.003285 seconds.
Begin MonoManager ReloadAssembly
Native extension for WindowsStandalone target not found
Native extension for WebGL target not found
Refreshing native plugins compatible for Editor in 0.52 ms, found 3 plugins.
Preloading 0 native plugins for Editor in 0.00 ms.
Mono: successfully reloaded assembly
- Completed reload, in  0.936 seconds
Platform modules already initialized, skipping
Switching build target platform(19) subTarget(0) extendedPlatform(0) -> platform(13) subTarget(537395200) extendedPlatform(0)
Refreshing native plugins compatible for Editor in 0.51 ms, found 3 plugins.
Preloading 0 native plugins for Editor in 0.00 ms.
Unloading 2093 Unused Serialized files (Serialized files now loaded: 0)
System memory in use before: 110.1 MB.
System memory in use after: 110.1 MB.

Unloading 21 unused Assets to reduce memory usage. Loaded Objects now: 2630.
Total: 2.115900 ms (FindLiveObjects: 0.192700 ms CreateObjectMapping: 0.071500 ms MarkObjects: 1.754200 ms  DeleteObjects: 0.096800 ms)

AssetImportParameters requested are different than current active one (requested -> active):
  custom:graphics/normal-map-encoding: 01000000000000000000000000000000 -> 02000000000000000000000000000000
========================================================================
Received Prepare
Registering precompiled user dll's ...
Registered in 0.003218 seconds.
Begin MonoManager ReloadAssembly
Native extension for WindowsStandalone target not found
Native extension for WebGL target not found
Refreshing native plugins compatible for Editor in 0.54 ms, found 3 plugins.
Preloading 0 native plugins for Editor in 0.00 ms.
Mono: successfully reloaded assembly
- Completed reload, in  0.936 seconds
Platform modules already initialized, skipping
Switching build target platform(19) subTarget(0) extendedPlatform(0) -> platform(13) subTarget(537395200) extendedPlatform(0)
Refreshing native plugins compatible for Editor in 0.51 ms, found 3 plugins.
Preloading 0 native plugins for Editor in 0.00 ms.
Unloading 2093 Unused Serialized files (Serialized files now loaded: 0)
System memory in use before: 110.1 MB.
System memory in use after: 110.1 MB.

Unloading 21 unused Assets to reduce memory usage. Loaded Objects now: 2634.
Total: 2.045700 ms (FindLiveObjects: 0.203000 ms CreateObjectMapping: 0.089200 ms MarkObjects: 1.588000 ms  DeleteObjects: 0.164700 ms)

AssetImportParameters requested are different than current active one (requested -> active):
  custom:graphics/normal-map-encoding: 01000000000000000000000000000000 -> 02000000000000000000000000000000
========================================================================
Received Prepare
Registering precompiled user dll's ...
Registered in 0.003319 seconds.
Begin MonoManager ReloadAssembly
Native extension for WindowsStandalone target not found
Native extension for WebGL target not found
Refreshing native plugins compatible for Editor in 0.52 ms, found 3 plugins.
Preloading 0 native plugins for Editor in 0.00 ms.
Mono: successfully reloaded assembly
- Completed reload, in  0.950 seconds
Platform modules already initialized, skipping
Switching build target platform(19) subTarget(0) extendedPlatform(0) -> platform(13) subTarget(537395200) extendedPlatform(0)
Refreshing native plugins compatible for Editor in 0.51 ms, found 3 plugins.
Preloading 0 native plugins for Editor in 0.00 ms.
Unloading 2093 Unused Serialized files (Serialized files now loaded: 0)
System memory in use before: 110.1 MB.
System memory in use after: 110.1 MB.

Unloading 21 unused Assets to reduce memory usage. Loaded Objects now: 2638.
Total: 1.982200 ms (FindLiveObjects: 0.188100 ms CreateObjectMapping: 0.075300 ms MarkObjects: 1.620300 ms  DeleteObjects: 0.097600 ms)

AssetImportParameters requested are different than current active one (requested -> active):
  custom:graphics/normal-map-encoding: 01000000000000000000000000000000 -> 02000000000000000000000000000000
========================================================================
Received Prepare
Registering precompiled user dll's ...
Registered in 0.003324 seconds.
Begin MonoManager ReloadAssembly
Native extension for WindowsStandalone target not found
Native extension for WebGL target not found
Refreshing native plugins compatible for Editor in 0.54 ms, found 3 plugins.
Preloading 0 native plugins for Editor in 0.00 ms.
Mono: successfully reloaded assembly
- Completed reload, in  1.053 seconds
Platform modules already initialized, skipping
Switching build target platform(19) subTarget(0) extendedPlatform(0) -> platform(13) subTarget(537395200) extendedPlatform(0)
Refreshing native plugins compatible for Editor in 0.51 ms, found 3 plugins.
Preloading 0 native plugins for Editor in 0.00 ms.
Unloading 2093 Unused Serialized files (Serialized files now loaded: 0)
System memory in use before: 110.1 MB.
System memory in use after: 110.1 MB.

Unloading 21 unused Assets to reduce memory usage. Loaded Objects now: 2642.
Total: 2.172900 ms (FindLiveObjects: 0.184200 ms CreateObjectMapping: 0.076000 ms MarkObjects: 1.804300 ms  DeleteObjects: 0.107400 ms)

AssetImportParameters requested are different than current active one (requested -> active):
  custom:graphics/normal-map-encoding: 01000000000000000000000000000000 -> 02000000000000000000000000000000
========================================================================
Received Import Request.
  Time since last request: 326.677922 seconds.
  path: Assets/Prefab/cardTest.prefab
  artifactKey: Guid(7c656303fddf38448942f9fbd012e50b) Importer(815301076,1909f56bfc062723c751e8b465ee728b)
Start importing Assets/Prefab/cardTest.prefab using Guid(7c656303fddf38448942f9fbd012e50b) Importer(815301076,1909f56bfc062723c751e8b465ee728b)  -> (artifact id: '17dd09280c5ed4724b8f6814bc5c5cf6') in 0.029536 seconds
  Import took 0.033574 seconds .

========================================================================
Received Import Request.
  Time since last request: 0.000237 seconds.
  path: Assets/Prefab/cardTest6.prefab
  artifactKey: Guid(1edae591eae72cf4e9b170bb92fd5cd1) Importer(815301076,1909f56bfc062723c751e8b465ee728b)
Start importing Assets/Prefab/cardTest6.prefab using Guid(1edae591eae72cf4e9b170bb92fd5cd1) Importer(815301076,1909f56bfc062723c751e8b465ee728b)  -> (artifact id: '528b971d6c5c55e2bdc9205b2cc6fbc5') in 0.006996 seconds
  Import took 0.010651 seconds .

========================================================================
Received Import Request.
  Time since last request: 0.000195 seconds.
  path: Assets/Prefab/cardTest5.prefab
  artifactKey: Guid(3a0358da2e919514a9eb66df665edd79) Importer(815301076,1909f56bfc062723c751e8b465ee728b)
Start importing Assets/Prefab/cardTest5.prefab using Guid(3a0358da2e919514a9eb66df665edd79) Importer(815301076,1909f56bfc062723c751e8b465ee728b)  -> (artifact id: '428ee57e7e7af49c85d1fa4ac2bae997') in 0.007247 seconds
  Import took 0.011908 seconds .

========================================================================
Received Import Request.
  Time since last request: 0.000193 seconds.
  path: Assets/Prefab/cardTest2.prefab
  artifactKey: Guid(b07b544609816a044b695eaf523ce7e0) Importer(815301076,1909f56bfc062723c751e8b465ee728b)
Start importing Assets/Prefab/cardTest2.prefab using Guid(b07b544609816a044b695eaf523ce7e0) Importer(815301076,1909f56bfc062723c751e8b465ee728b)  -> (artifact id: '9b3f079815f694c276fa4af0d596fb5e') in 0.008948 seconds
  Import took 0.012783 seconds .

========================================================================
Received Import Request.
  Time since last request: 0.000247 seconds.
  path: Assets/Prefab/cardTest7.prefab
  artifactKey: Guid(e33f399cf13a4a54f813b1f4bcd16e13) Importer(815301076,1909f56bfc062723c751e8b465ee728b)
Start importing Assets/Prefab/cardTest7.prefab using Guid(e33f399cf13a4a54f813b1f4bcd16e13) Importer(815301076,1909f56bfc062723c751e8b465ee728b)  -> (artifact id: '2ee0ed84489a161106d0e32dd20798e3') in 0.007878 seconds
  Import took 0.012032 seconds .

========================================================================
Received Import Request.
  Time since last request: 0.000165 seconds.
  path: Assets/Prefab/cardTest3.prefab
  artifactKey: Guid(599367966350bee4eb76ac4fd10e6c35) Importer(815301076,1909f56bfc062723c751e8b465ee728b)
Start importing Assets/Prefab/cardTest3.prefab using Guid(599367966350bee4eb76ac4fd10e6c35) Importer(815301076,1909f56bfc062723c751e8b465ee728b)  -> (artifact id: 'cd49656f4dba5c2e6c823338a47b48a0') in 0.007056 seconds
  Import took 0.010868 seconds .

========================================================================
Received Import Request.
  Time since last request: 0.000187 seconds.
  path: Assets/Prefab/cardTest4.prefab
  artifactKey: Guid(f029a730f62597947b4a2eec04c766c8) Importer(815301076,1909f56bfc062723c751e8b465ee728b)
Start importing Assets/Prefab/cardTest4.prefab using Guid(f029a730f62597947b4a2eec04c766c8) Importer(815301076,1909f56bfc062723c751e8b465ee728b)  -> (artifact id: '6cad9a39f54718b6bcad7126de421af4') in 0.007945 seconds
  Import took 0.012142 seconds .

========================================================================
Received Prepare
Registering precompiled user dll's ...
Registered in 0.003407 seconds.
Begin MonoManager ReloadAssembly
Native extension for WindowsStandalone target not found
Native extension for WebGL target not found
Refreshing native plugins compatible for Editor in 0.53 ms, found 3 plugins.
Preloading 0 native plugins for Editor in 0.00 ms.
Mono: successfully reloaded assembly
- Completed reload, in  1.022 seconds
Platform modules already initialized, skipping
Switching build target platform(19) subTarget(0) extendedPlatform(0) -> platform(13) subTarget(537395200) extendedPlatform(0)
Refreshing native plugins compatible for Editor in 0.54 ms, found 3 plugins.
Preloading 0 native plugins for Editor in 0.00 ms.
Unloading 2093 Unused Serialized files (Serialized files now loaded: 0)
System memory in use before: 110.2 MB.
System memory in use after: 110.1 MB.

Unloading 21 unused Assets to reduce memory usage. Loaded Objects now: 2646.
Total: 2.619500 ms (FindLiveObjects: 0.251900 ms CreateObjectMapping: 0.090700 ms MarkObjects: 2.163000 ms  DeleteObjects: 0.112700 ms)

AssetImportParameters requested are different than current active one (requested -> active):
  custom:graphics/normal-map-encoding: 01000000000000000000000000000000 -> 02000000000000000000000000000000
========================================================================
Received Import Request.
  Time since last request: 75.386584 seconds.
  path: Assets/Prefab/cardTest.prefab
  artifactKey: Guid(7c656303fddf38448942f9fbd012e50b) Importer(815301076,1909f56bfc062723c751e8b465ee728b)
Start importing Assets/Prefab/cardTest.prefab using Guid(7c656303fddf38448942f9fbd012e50b) Importer(815301076,1909f56bfc062723c751e8b465ee728b)  -> (artifact id: '0cf38ce9ac41121108f8cc91bfb898bd') in 0.026023 seconds
  Import took 0.029763 seconds .

========================================================================
Received Prepare
Registering precompiled user dll's ...
Registered in 0.003329 seconds.
Begin MonoManager ReloadAssembly
Native extension for WindowsStandalone target not found
Native extension for WebGL target not found
Refreshing native plugins compatible for Editor in 0.65 ms, found 3 plugins.
Preloading 0 native plugins for Editor in 0.00 ms.
Mono: successfully reloaded assembly
- Completed reload, in  0.965 seconds
Platform modules already initialized, skipping
Switching build target platform(19) subTarget(0) extendedPlatform(0) -> platform(13) subTarget(537395200) extendedPlatform(0)
Refreshing native plugins compatible for Editor in 0.51 ms, found 3 plugins.
Preloading 0 native plugins for Editor in 0.00 ms.
Unloading 2093 Unused Serialized files (Serialized files now loaded: 0)
System memory in use before: 110.2 MB.
System memory in use after: 110.2 MB.

Unloading 21 unused Assets to reduce memory usage. Loaded Objects now: 2650.
Total: 2.013400 ms (FindLiveObjects: 0.204900 ms CreateObjectMapping: 0.071500 ms MarkObjects: 1.642100 ms  DeleteObjects: 0.094100 ms)

AssetImportParameters requested are different than current active one (requested -> active):
  custom:graphics/normal-map-encoding: 01000000000000000000000000000000 -> 02000000000000000000000000000000
========================================================================
Received Prepare
Registering precompiled user dll's ...
Registered in 0.003706 seconds.
Begin MonoManager ReloadAssembly
Native extension for WindowsStandalone target not found
Native extension for WebGL target not found
Refreshing native plugins compatible for Editor in 0.63 ms, found 3 plugins.
Preloading 0 native plugins for Editor in 0.00 ms.
Mono: successfully reloaded assembly
- Completed reload, in  1.051 seconds
Platform modules already initialized, skipping
Switching build target platform(19) subTarget(0) extendedPlatform(0) -> platform(13) subTarget(537395200) extendedPlatform(0)
Refreshing native plugins compatible for Editor in 0.54 ms, found 3 plugins.
Preloading 0 native plugins for Editor in 0.00 ms.
Unloading 2093 Unused Serialized files (Serialized files now loaded: 0)
System memory in use before: 110.2 MB.
System memory in use after: 110.2 MB.

Unloading 21 unused Assets to reduce memory usage. Loaded Objects now: 2654.
Total: 2.290700 ms (FindLiveObjects: 0.195000 ms CreateObjectMapping: 0.086000 ms MarkObjects: 1.900800 ms  DeleteObjects: 0.107700 ms)

AssetImportParameters requested are different than current active one (requested -> active):
  custom:graphics/normal-map-encoding: 01000000000000000000000000000000 -> 02000000000000000000000000000000
========================================================================
Received Prepare
Registering precompiled user dll's ...
Registered in 0.003283 seconds.
Begin MonoManager ReloadAssembly
Native extension for WindowsStandalone target not found
Native extension for WebGL target not found
Refreshing native plugins compatible for Editor in 0.53 ms, found 3 plugins.
Preloading 0 native plugins for Editor in 0.00 ms.
Mono: successfully reloaded assembly
- Completed reload, in  0.981 seconds
Platform modules already initialized, skipping
Switching build target platform(19) subTarget(0) extendedPlatform(0) -> platform(13) subTarget(537395200) extendedPlatform(0)
Refreshing native plugins compatible for Editor in 0.51 ms, found 3 plugins.
Preloading 0 native plugins for Editor in 0.00 ms.
Unloading 2093 Unused Serialized files (Serialized files now loaded: 0)
System memory in use before: 110.2 MB.
System memory in use after: 110.2 MB.

Unloading 21 unused Assets to reduce memory usage. Loaded Objects now: 2658.
Total: 2.079100 ms (FindLiveObjects: 0.198900 ms CreateObjectMapping: 0.078000 ms MarkObjects: 1.701300 ms  DeleteObjects: 0.099700 ms)

AssetImportParameters requested are different than current active one (requested -> active):
  custom:graphics/normal-map-encoding: 01000000000000000000000000000000 -> 02000000000000000000000000000000
========================================================================
Received Prepare
Registering precompiled user dll's ...
Registered in 0.004317 seconds.
Begin MonoManager ReloadAssembly
Native extension for WindowsStandalone target not found
Native extension for WebGL target not found
Refreshing native plugins compatible for Editor in 0.85 ms, found 3 plugins.
Preloading 0 native plugins for Editor in 0.00 ms.
Mono: successfully reloaded assembly
- Completed reload, in  1.073 seconds
Platform modules already initialized, skipping
Switching build target platform(19) subTarget(0) extendedPlatform(0) -> platform(13) subTarget(537395200) extendedPlatform(0)
Refreshing native plugins compatible for Editor in 0.53 ms, found 3 plugins.
Preloading 0 native plugins for Editor in 0.00 ms.
Unloading 2093 Unused Serialized files (Serialized files now loaded: 0)
System memory in use before: 110.2 MB.
System memory in use after: 110.2 MB.

Unloading 21 unused Assets to reduce memory usage. Loaded Objects now: 2662.
Total: 2.096200 ms (FindLiveObjects: 0.197700 ms CreateObjectMapping: 0.102300 ms MarkObjects: 1.691100 ms  DeleteObjects: 0.104200 ms)

AssetImportParameters requested are different than current active one (requested -> active):
  custom:graphics/normal-map-encoding: 01000000000000000000000000000000 -> 02000000000000000000000000000000
========================================================================
Received Prepare
Registering precompiled user dll's ...
Registered in 0.003796 seconds.
Begin MonoManager ReloadAssembly
Native extension for WindowsStandalone target not found
Native extension for WebGL target not found
Refreshing native plugins compatible for Editor in 0.52 ms, found 3 plugins.
Preloading 0 native plugins for Editor in 0.00 ms.
Mono: successfully reloaded assembly
- Completed reload, in  1.036 seconds
Platform modules already initialized, skipping
Switching build target platform(19) subTarget(0) extendedPlatform(0) -> platform(13) subTarget(537395200) extendedPlatform(0)
Refreshing native plugins compatible for Editor in 0.52 ms, found 3 plugins.
Preloading 0 native plugins for Editor in 0.00 ms.
Unloading 2093 Unused Serialized files (Serialized files now loaded: 0)
System memory in use before: 110.2 MB.
System memory in use after: 110.2 MB.

Unloading 21 unused Assets to reduce memory usage. Loaded Objects now: 2666.
Total: 2.175300 ms (FindLiveObjects: 0.196600 ms CreateObjectMapping: 0.078400 ms MarkObjects: 1.798200 ms  DeleteObjects: 0.101200 ms)

AssetImportParameters requested are different than current active one (requested -> active):
  custom:graphics/normal-map-encoding: 01000000000000000000000000000000 -> 02000000000000000000000000000000
========================================================================
Received Prepare
Registering precompiled user dll's ...
Registered in 0.003874 seconds.
Begin MonoManager ReloadAssembly
Native extension for WindowsStandalone target not found
Native extension for WebGL target not found
Refreshing native plugins compatible for Editor in 0.52 ms, found 3 plugins.
Preloading 0 native plugins for Editor in 0.00 ms.
Mono: successfully reloaded assembly
- Completed reload, in  1.026 seconds
Platform modules already initialized, skipping
Switching build target platform(19) subTarget(0) extendedPlatform(0) -> platform(13) subTarget(537395200) extendedPlatform(0)
Refreshing native plugins compatible for Editor in 0.51 ms, found 3 plugins.
Preloading 0 native plugins for Editor in 0.00 ms.
Unloading 2093 Unused Serialized files (Serialized files now loaded: 0)
System memory in use before: 110.2 MB.
System memory in use after: 110.2 MB.

Unloading 21 unused Assets to reduce memory usage. Loaded Objects now: 2670.
Total: 1.988900 ms (FindLiveObjects: 0.193800 ms CreateObjectMapping: 0.084200 ms MarkObjects: 1.612200 ms  DeleteObjects: 0.097800 ms)

AssetImportParameters requested are different than current active one (requested -> active):
  custom:graphics/normal-map-encoding: 01000000000000000000000000000000 -> 02000000000000000000000000000000
========================================================================
Received Prepare
Registering precompiled user dll's ...
Registered in 0.004238 seconds.
Begin MonoManager ReloadAssembly
Native extension for WindowsStandalone target not found
Native extension for WebGL target not found
Refreshing native plugins compatible for Editor in 0.55 ms, found 3 plugins.
Preloading 0 native plugins for Editor in 0.00 ms.
Mono: successfully reloaded assembly
- Completed reload, in  1.058 seconds
Platform modules already initialized, skipping
Switching build target platform(19) subTarget(0) extendedPlatform(0) -> platform(13) subTarget(537395200) extendedPlatform(0)
Refreshing native plugins compatible for Editor in 0.52 ms, found 3 plugins.
Preloading 0 native plugins for Editor in 0.00 ms.
Unloading 2093 Unused Serialized files (Serialized files now loaded: 0)
System memory in use before: 110.2 MB.
System memory in use after: 110.2 MB.

Unloading 21 unused Assets to reduce memory usage. Loaded Objects now: 2674.
Total: 2.177700 ms (FindLiveObjects: 0.197900 ms CreateObjectMapping: 0.076900 ms MarkObjects: 1.803900 ms  DeleteObjects: 0.098100 ms)

AssetImportParameters requested are different than current active one (requested -> active):
  custom:graphics/normal-map-encoding: 01000000000000000000000000000000 -> 02000000000000000000000000000000
========================================================================
Received Prepare
Registering precompiled user dll's ...
Registered in 0.003859 seconds.
Begin MonoManager ReloadAssembly
Native extension for WindowsStandalone target not found
Native extension for WebGL target not found
Refreshing native plugins compatible for Editor in 0.55 ms, found 3 plugins.
Preloading 0 native plugins for Editor in 0.00 ms.
Mono: successfully reloaded assembly
- Completed reload, in  1.068 seconds
Platform modules already initialized, skipping
Switching build target platform(19) subTarget(0) extendedPlatform(0) -> platform(13) subTarget(537395200) extendedPlatform(0)
Refreshing native plugins compatible for Editor in 0.56 ms, found 3 plugins.
Preloading 0 native plugins for Editor in 0.00 ms.
Unloading 2093 Unused Serialized files (Serialized files now loaded: 0)
System memory in use before: 110.2 MB.
System memory in use after: 110.2 MB.

Unloading 21 unused Assets to reduce memory usage. Loaded Objects now: 2678.
Total: 2.015000 ms (FindLiveObjects: 0.194500 ms CreateObjectMapping: 0.081100 ms MarkObjects: 1.638000 ms  DeleteObjects: 0.100500 ms)

AssetImportParameters requested are different than current active one (requested -> active):
  custom:graphics/normal-map-encoding: 01000000000000000000000000000000 -> 02000000000000000000000000000000
========================================================================
Received Prepare
Registering precompiled user dll's ...
Registered in 0.003860 seconds.
Begin MonoManager ReloadAssembly
Native extension for WindowsStandalone target not found
Native extension for WebGL target not found
Refreshing native plugins compatible for Editor in 0.52 ms, found 3 plugins.
Preloading 0 native plugins for Editor in 0.00 ms.
Mono: successfully reloaded assembly
- Completed reload, in  1.047 seconds
Platform modules already initialized, skipping
Switching build target platform(19) subTarget(0) extendedPlatform(0) -> platform(13) subTarget(537395200) extendedPlatform(0)
Refreshing native plugins compatible for Editor in 0.52 ms, found 3 plugins.
Preloading 0 native plugins for Editor in 0.00 ms.
Unloading 2093 Unused Serialized files (Serialized files now loaded: 0)
System memory in use before: 110.2 MB.
System memory in use after: 110.2 MB.

Unloading 21 unused Assets to reduce memory usage. Loaded Objects now: 2682.
Total: 2.036900 ms (FindLiveObjects: 0.194500 ms CreateObjectMapping: 0.078500 ms MarkObjects: 1.658200 ms  DeleteObjects: 0.104700 ms)

AssetImportParameters requested are different than current active one (requested -> active):
  custom:graphics/normal-map-encoding: 01000000000000000000000000000000 -> 02000000000000000000000000000000
AssetImportWorkerClient::OnTransportError - code=2 error=End of file
